This is pdfTeX, Version 3.14159265-2.6-1.40.18 (TeX Live 2017/Debian) (preloaded format=pdflatex 2017.11.29)  25 JAN 2018 17:39
entering extended mode
 restricted \write18 enabled.
 file:line:error style messages enabled.
 %&-line parsing enabled.
**presentation_1.tex
(./presentation_1.tex
LaTeX2e <2017-04-15>
Babel <3.10> and hyphenation patterns for 3 language(s) loaded.
(/usr/share/texlive/texmf-dist/tex/latex/beamer/beamer.cls
Document Class: beamer 2017/01/23 v3.41 A class for typesetting presentations
(/usr/share/texlive/texmf-dist/tex/latex/etoolbox/etoolbox.sty
Package: etoolbox 2017/01/02 v2.4 e-TeX tools for LaTeX (JAW)
\etb@tempcnta=\count79
) (/usr/share/texlive/texmf-dist/tex/latex/beamer/beamerbasemodes.sty
\beamer@tempbox=\box26
\beamer@tempcount=\count80
\c@beamerpauses=\count81
 (/usr/share/texlive/texmf-dist/tex/latex/beamer/beamerbasedecode.sty
\beamer@slideinframe=\count82
\beamer@minimum=\count83
)
\beamer@commentbox=\box27
\beamer@modecount=\count84
) (/usr/share/texlive/texmf-dist/tex/generic/oberdiek/ifpdf.sty
Package: ifpdf 2017/03/15 v3.2 Provides the ifpdf switch
)
\headheight=\dimen102
\headdp=\dimen103
\footheight=\dimen104
\sidebarheight=\dimen105
\beamer@tempdim=\dimen106
\beamer@finalheight=\dimen107
\beamer@animht=\dimen108
\beamer@animdp=\dimen109
\beamer@animwd=\dimen110
\beamer@leftmargin=\dimen111
\beamer@rightmargin=\dimen112
\beamer@leftsidebar=\dimen113
\beamer@rightsidebar=\dimen114
\beamer@boxsize=\dimen115
\beamer@vboxoffset=\dimen116
\beamer@descdefault=\dimen117
\beamer@descriptionwidth=\dimen118
\beamer@lastskip=\skip41
\beamer@areabox=\box28
\beamer@animcurrent=\box29
\beamer@animshowbox=\box30
\beamer@sectionbox=\box31
\beamer@logobox=\box32
\beamer@linebox=\box33
\beamer@sectioncount=\count85
\beamer@subsubsectionmax=\count86
\beamer@subsectionmax=\count87
\beamer@sectionmax=\count88
\beamer@totalheads=\count89
\beamer@headcounter=\count90
\beamer@partstartpage=\count91
\beamer@sectionstartpage=\count92
\beamer@subsectionstartpage=\count93
\beamer@animationtempa=\count94
\beamer@animationtempb=\count95
\beamer@xpos=\count96
\beamer@ypos=\count97
\beamer@showpartnumber=\count98
\beamer@currentsubsection=\count99
\beamer@coveringdepth=\count100
\beamer@sectionadjust=\count101
\beamer@tocsectionnumber=\count102
 (/usr/share/texlive/texmf-dist/tex/latex/beamer/beamerbaseoptions.sty (/usr/share/texlive/texmf-dist/tex/latex/graphics/keyval.sty
Package: keyval 2014/10/28 v1.15 key=value parser (DPC)
\KV@toks@=\toks14
))
\beamer@paperwidth=\skip42
\beamer@paperheight=\skip43
 (/usr/share/texlive/texmf-dist/tex/latex/geometry/geometry.sty
Package: geometry 2010/09/12 v5.6 Page Geometry
 (/usr/share/texlive/texmf-dist/tex/generic/oberdiek/ifvtex.sty
Package: ifvtex 2016/05/16 v1.6 Detect VTeX and its facilities (HO)
Package ifvtex Info: VTeX not detected.
) (/usr/share/texlive/texmf-dist/tex/generic/ifxetex/ifxetex.sty
Package: ifxetex 2010/09/12 v0.6 Provides ifxetex conditional
)
\Gm@cnth=\count103
\Gm@cntv=\count104
\c@Gm@tempcnt=\count105
\Gm@bindingoffset=\dimen119
\Gm@wd@mp=\dimen120
\Gm@odd@mp=\dimen121
\Gm@even@mp=\dimen122
\Gm@layoutwidth=\dimen123
\Gm@layoutheight=\dimen124
\Gm@layouthoffset=\dimen125
\Gm@layoutvoffset=\dimen126
\Gm@dimlist=\toks15
) (/usr/share/texlive/texmf-dist/tex/latex/base/size11.clo
File: size11.clo 2014/09/29 v1.4h Standard LaTeX file (size option)
) (/usr/share/texlive/texmf-dist/tex/latex/pgf/basiclayer/pgfcore.sty (/usr/share/texlive/texmf-dist/tex/latex/graphics/graphicx.sty
Package: graphicx 2017/06/01 v1.1a Enhanced LaTeX Graphics (DPC,SPQR)
 (/usr/share/texlive/texmf-dist/tex/latex/graphics/graphics.sty
Package: graphics 2017/06/13 v1.2b Standard LaTeX Graphics (DPC,SPQR)
 (/usr/share/texlive/texmf-dist/tex/latex/graphics/trig.sty
Package: trig 2016/01/03 v1.10 sin cos tan (DPC)
) (/usr/share/texlive/texmf-dist/tex/latex/graphics-cfg/graphics.cfg
File: graphics.cfg 2016/06/04 v1.11 sample graphics configuration
)
Package graphics Info: Driver file: pdftex.def on input line 99.
 (/usr/share/texlive/texmf-dist/tex/latex/graphics-def/pdftex.def
File: pdftex.def 2017/06/17 v1.0e Graphics/color driver for pdftex
))
\Gin@req@height=\dimen127
\Gin@req@width=\dimen128
) (/usr/share/texlive/texmf-dist/tex/latex/pgf/systemlayer/pgfsys.sty (/usr/share/texlive/texmf-dist/tex/latex/pgf/utilities/pgfrcs.sty (/usr/share/texlive/texmf-dist/tex/generic/pgf/utilities/pgfutil-common.tex
\pgfutil@everybye=\toks16
\pgfutil@tempdima=\dimen129
\pgfutil@tempdimb=\dimen130
 (/usr/share/texlive/texmf-dist/tex/generic/pgf/utilities/pgfutil-common-lists.tex)) (/usr/share/texlive/texmf-dist/tex/generic/pgf/utilities/pgfutil-latex.def
\pgfutil@abb=\box34
 (/usr/share/texlive/texmf-dist/tex/latex/ms/everyshi.sty
Package: everyshi 2001/05/15 v3.00 EveryShipout Package (MS)
)) (/usr/share/texlive/texmf-dist/tex/generic/pgf/utilities/pgfrcs.code.tex
Package: pgfrcs 2015/08/07 v3.0.1a (rcs-revision 1.31)
)) (/usr/share/texlive/texmf-dist/tex/generic/pgf/systemlayer/pgfsys.code.tex
Package: pgfsys 2014/07/09 v3.0.1a (rcs-revision 1.48)
 (/usr/share/texlive/texmf-dist/tex/generic/pgf/utilities/pgfkeys.code.tex
\pgfkeys@pathtoks=\toks17
\pgfkeys@temptoks=\toks18
 (/usr/share/texlive/texmf-dist/tex/generic/pgf/utilities/pgfkeysfiltered.code.tex
\pgfkeys@tmptoks=\toks19
))
\pgf@x=\dimen131
\pgf@y=\dimen132
\pgf@xa=\dimen133
\pgf@ya=\dimen134
\pgf@xb=\dimen135
\pgf@yb=\dimen136
\pgf@xc=\dimen137
\pgf@yc=\dimen138
\w@pgf@writea=\write3
\r@pgf@reada=\read1
\c@pgf@counta=\count106
\c@pgf@countb=\count107
\c@pgf@countc=\count108
\c@pgf@countd=\count109
\t@pgf@toka=\toks20
\t@pgf@tokb=\toks21
\t@pgf@tokc=\toks22
 (/usr/share/texlive/texmf-dist/tex/generic/pgf/systemlayer/pgf.cfg
File: pgf.cfg 2008/05/14  (rcs-revision 1.7)
)
Driver file for pgf: pgfsys-pdftex.def
 (/usr/share/texlive/texmf-dist/tex/generic/pgf/systemlayer/pgfsys-pdftex.def
File: pgfsys-pdftex.def 2014/10/11  (rcs-revision 1.35)
 (/usr/share/texlive/texmf-dist/tex/generic/pgf/systemlayer/pgfsys-common-pdf.def
File: pgfsys-common-pdf.def 2013/10/10  (rcs-revision 1.13)
))) (/usr/share/texlive/texmf-dist/tex/generic/pgf/systemlayer/pgfsyssoftpath.code.tex
File: pgfsyssoftpath.code.tex 2013/09/09  (rcs-revision 1.9)
\pgfsyssoftpath@smallbuffer@items=\count110
\pgfsyssoftpath@bigbuffer@items=\count111
) (/usr/share/texlive/texmf-dist/tex/generic/pgf/systemlayer/pgfsysprotocol.code.tex
File: pgfsysprotocol.code.tex 2006/10/16  (rcs-revision 1.4)
)) (/usr/share/texlive/texmf-dist/tex/latex/xcolor/xcolor.sty
Package: xcolor 2016/05/11 v2.12 LaTeX color extensions (UK)
 (/usr/share/texlive/texmf-dist/tex/latex/graphics-cfg/color.cfg
File: color.cfg 2016/01/02 v1.6 sample color configuration
)
Package xcolor Info: Driver file: pdftex.def on input line 225.
Package xcolor Info: Model `cmy' substituted by `cmy0' on input line 1348.
Package xcolor Info: Model `hsb' substituted by `rgb' on input line 1352.
Package xcolor Info: Model `RGB' extended on input line 1364.
Package xcolor Info: Model `HTML' substituted by `rgb' on input line 1366.
Package xcolor Info: Model `Hsb' substituted by `hsb' on input line 1367.
Package xcolor Info: Model `tHsb' substituted by `hsb' on input line 1368.
Package xcolor Info: Model `HSB' substituted by `hsb' on input line 1369.
Package xcolor Info: Model `Gray' substituted by `gray' on input line 1370.
Package xcolor Info: Model `wave' substituted by `hsb' on input line 1371.
) (/usr/share/texlive/texmf-dist/tex/generic/pgf/basiclayer/pgfcore.code.tex
Package: pgfcore 2010/04/11 v3.0.1a (rcs-revision 1.7)
 (/usr/share/texlive/texmf-dist/tex/generic/pgf/math/pgfmath.code.tex (/usr/share/texlive/texmf-dist/tex/generic/pgf/math/pgfmathcalc.code.tex (/usr/share/texlive/texmf-dist/tex/generic/pgf/math/pgfmathutil.code.tex) (/usr/share/texlive/texmf-dist/tex/generic/pgf/math/pgfmathparser.code.tex
\pgfmath@dimen=\dimen139
\pgfmath@count=\count112
\pgfmath@box=\box35
\pgfmath@toks=\toks23
\pgfmath@stack@operand=\toks24
\pgfmath@stack@operation=\toks25
) (/usr/share/texlive/texmf-dist/tex/generic/pgf/math/pgfmathfunctions.code.tex (/usr/share/texlive/texmf-dist/tex/generic/pgf/math/pgfmathfunctions.basic.code.tex) (/usr/share/texlive/texmf-dist/tex/generic/pgf/math/pgfmathfunctions.trigonometric.code.tex) (/usr/share/texlive/texmf-dist/tex/generic/pgf/math/pgfmathfunctions.random.code.tex) (/usr/share/texlive/texmf-dist/tex/generic/pgf/math/pgfmathfunctions.comparison.code.tex) (/usr/share/texlive/texmf-dist/tex/generic/pgf/math/pgfmathfunctions.base.code.tex) (/usr/share/texlive/texmf-dist/tex/generic/pgf/math/pgfmathfunctions.round.code.tex) (/usr/share/texlive/texmf-dist/tex/generic/pgf/math/pgfmathfunctions.misc.code.tex) (/usr/share/texlive/texmf-dist/tex/generic/pgf/math/pgfmathfunctions.integerarithmetics.code.tex))) (/usr/share/texlive/texmf-dist/tex/generic/pgf/math/pgfmathfloat.code.tex
\c@pgfmathroundto@lastzeros=\count113
)) (/usr/share/texlive/texmf-dist/tex/generic/pgf/basiclayer/pgfcorepoints.code.tex
File: pgfcorepoints.code.tex 2013/10/07  (rcs-revision 1.27)
\pgf@picminx=\dimen140
\pgf@picmaxx=\dimen141
\pgf@picminy=\dimen142
\pgf@picmaxy=\dimen143
\pgf@pathminx=\dimen144
\pgf@pathmaxx=\dimen145
\pgf@pathminy=\dimen146
\pgf@pathmaxy=\dimen147
\pgf@xx=\dimen148
\pgf@xy=\dimen149
\pgf@yx=\dimen150
\pgf@yy=\dimen151
\pgf@zx=\dimen152
\pgf@zy=\dimen153
) (/usr/share/texlive/texmf-dist/tex/generic/pgf/basiclayer/pgfcorepathconstruct.code.tex
File: pgfcorepathconstruct.code.tex 2013/10/07  (rcs-revision 1.29)
\pgf@path@lastx=\dimen154
\pgf@path@lasty=\dimen155
) (/usr/share/texlive/texmf-dist/tex/generic/pgf/basiclayer/pgfcorepathusage.code.tex
File: pgfcorepathusage.code.tex 2014/11/02  (rcs-revision 1.24)
\pgf@shorten@end@additional=\dimen156
\pgf@shorten@start@additional=\dimen157
) (/usr/share/texlive/texmf-dist/tex/generic/pgf/basiclayer/pgfcorescopes.code.tex
File: pgfcorescopes.code.tex 2015/05/08  (rcs-revision 1.46)
\pgfpic=\box36
\pgf@hbox=\box37
\pgf@layerbox@main=\box38
\pgf@picture@serial@count=\count114
) (/usr/share/texlive/texmf-dist/tex/generic/pgf/basiclayer/pgfcoregraphicstate.code.tex
File: pgfcoregraphicstate.code.tex 2014/11/02  (rcs-revision 1.12)
\pgflinewidth=\dimen158
)
(/usr/share/texlive/texmf-dist/tex/generic/pgf/basiclayer/pgfcoretransformations.code.tex
File: pgfcoretransformations.code.tex 2015/08/07  (rcs-revision 1.20)
\pgf@pt@x=\dimen159
\pgf@pt@y=\dimen160
\pgf@pt@temp=\dimen161
) (/usr/share/texlive/texmf-dist/tex/generic/pgf/basiclayer/pgfcorequick.code.tex
File: pgfcorequick.code.tex 2008/10/09  (rcs-revision 1.3)
) (/usr/share/texlive/texmf-dist/tex/generic/pgf/basiclayer/pgfcoreobjects.code.tex
File: pgfcoreobjects.code.tex 2006/10/11  (rcs-revision 1.2)
) (/usr/share/texlive/texmf-dist/tex/generic/pgf/basiclayer/pgfcorepathprocessing.code.tex
File: pgfcorepathprocessing.code.tex 2013/09/09  (rcs-revision 1.9)
) (/usr/share/texlive/texmf-dist/tex/generic/pgf/basiclayer/pgfcorearrows.code.tex
File: pgfcorearrows.code.tex 2015/05/14  (rcs-revision 1.43)
\pgfarrowsep=\dimen162
) (/usr/share/texlive/texmf-dist/tex/generic/pgf/basiclayer/pgfcoreshade.code.tex
File: pgfcoreshade.code.tex 2013/07/15  (rcs-revision 1.15)
\pgf@max=\dimen163
\pgf@sys@shading@range@num=\count115
) (/usr/share/texlive/texmf-dist/tex/generic/pgf/basiclayer/pgfcoreimage.code.tex
File: pgfcoreimage.code.tex 2013/07/15  (rcs-revision 1.18)
 (/usr/share/texlive/texmf-dist/tex/generic/pgf/basiclayer/pgfcoreexternal.code.tex
File: pgfcoreexternal.code.tex 2014/07/09  (rcs-revision 1.21)
\pgfexternal@startupbox=\box39
)) (/usr/share/texlive/texmf-dist/tex/generic/pgf/basiclayer/pgfcorelayers.code.tex
File: pgfcorelayers.code.tex 2013/07/18  (rcs-revision 1.7)
) (/usr/share/texlive/texmf-dist/tex/generic/pgf/basiclayer/pgfcoretransparency.code.tex
File: pgfcoretransparency.code.tex 2013/09/30  (rcs-revision 1.5)
) (/usr/share/texlive/texmf-dist/tex/generic/pgf/basiclayer/pgfcorepatterns.code.tex
File: pgfcorepatterns.code.tex 2013/11/07  (rcs-revision 1.5)
))) (/usr/share/texlive/texmf-dist/tex/latex/pgf/utilities/xxcolor.sty
Package: xxcolor 2003/10/24 ver 0.1
\XC@nummixins=\count116
\XC@countmixins=\count117
) (/usr/share/texlive/texmf-dist/tex/generic/oberdiek/atbegshi.sty
Package: atbegshi 2016/06/09 v1.18 At begin shipout hook (HO)
 (/usr/share/texlive/texmf-dist/tex/generic/oberdiek/infwarerr.sty
Package: infwarerr 2016/05/16 v1.4 Providing info/warning/error messages (HO)
) (/usr/share/texlive/texmf-dist/tex/generic/oberdiek/ltxcmds.sty
Package: ltxcmds 2016/05/16 v1.23 LaTeX kernel commands for general use (HO)
)) (/usr/share/texlive/texmf-dist/tex/latex/hyperref/hyperref.sty
Package: hyperref 2017/03/14 v6.85a Hypertext links for LaTeX
 (/usr/share/texlive/texmf-dist/tex/generic/oberdiek/hobsub-hyperref.sty
Package: hobsub-hyperref 2016/05/16 v1.14 Bundle oberdiek, subset hyperref (HO)
 (/usr/share/texlive/texmf-dist/tex/generic/oberdiek/hobsub-generic.sty
Package: hobsub-generic 2016/05/16 v1.14 Bundle oberdiek, subset generic (HO)
Package: hobsub 2016/05/16 v1.14 Construct package bundles (HO)
Package hobsub Info: Skipping package `infwarerr' (already loaded).
Package hobsub Info: Skipping package `ltxcmds' (already loaded).
Package: ifluatex 2016/05/16 v1.4 Provides the ifluatex switch (HO)
Package ifluatex Info: LuaTeX not detected.
Package hobsub Info: Skipping package `ifvtex' (already loaded).
Package: intcalc 2016/05/16 v1.2 Expandable calculations with integers (HO)
Package hobsub Info: Skipping package `ifpdf' (already loaded).
Package: etexcmds 2016/05/16 v1.6 Avoid name clashes with e-TeX commands (HO)
Package etexcmds Info: Could not find \expanded.
(etexcmds)             That can mean that you are not using pdfTeX 1.50 or
(etexcmds)             that some package has redefined \expanded.
(etexcmds)             In the latter case, load this package earlier.
Package: kvsetkeys 2016/05/16 v1.17 Key value parser (HO)
Package: kvdefinekeys 2016/05/16 v1.4 Define keys (HO)
Package: pdftexcmds 2017/03/19 v0.25 Utility functions of pdfTeX for LuaTeX (HO)
Package pdftexcmds Info: LuaTeX not detected.
Package pdftexcmds Info: \pdf@primitive is available.
Package pdftexcmds Info: \pdf@ifprimitive is available.
Package pdftexcmds Info: \pdfdraftmode found.
Package: pdfescape 2016/05/16 v1.14 Implements pdfTeX's escape features (HO)
Package: bigintcalc 2016/05/16 v1.4 Expandable calculations on big integers (HO)
Package: bitset 2016/05/16 v1.2 Handle bit-vector datatype (HO)
Package: uniquecounter 2016/05/16 v1.3 Provide unlimited unique counter (HO)
)
Package hobsub Info: Skipping package `hobsub' (already loaded).
Package: letltxmacro 2016/05/16 v1.5 Let assignment for LaTeX macros (HO)
Package: hopatch 2016/05/16 v1.3 Wrapper for package hooks (HO)
Package: xcolor-patch 2016/05/16 xcolor patch
Package: atveryend 2016/05/16 v1.9 Hooks at the very end of document (HO)
Package hobsub Info: Skipping package `atbegshi' (already loaded).
Package: refcount 2016/05/16 v3.5 Data extraction from label references (HO)
Package: hycolor 2016/05/16 v1.8 Color options for hyperref/bookmark (HO)
) (/usr/share/texlive/texmf-dist/tex/latex/oberdiek/auxhook.sty
Package: auxhook 2016/05/16 v1.4 Hooks for auxiliary files (HO)
) (/usr/share/texlive/texmf-dist/tex/latex/oberdiek/kvoptions.sty
Package: kvoptions 2016/05/16 v3.12 Key value format for package options (HO)
)
\@linkdim=\dimen164
\Hy@linkcounter=\count118
\Hy@pagecounter=\count119
 (/usr/share/texlive/texmf-dist/tex/latex/hyperref/pd1enc.def
File: pd1enc.def 2017/03/14 v6.85a Hyperref: PDFDocEncoding definition (HO)
)
\Hy@SavedSpaceFactor=\count120
 (/usr/share/texlive/texmf-dist/tex/latex/latexconfig/hyperref.cfg
File: hyperref.cfg 2002/06/06 v1.2 hyperref configuration of TeXLive
)
Package hyperref Info: Option `bookmarks' set `true' on input line 4374.
Package hyperref Info: Option `bookmarksopen' set `true' on input line 4374.
Package hyperref Info: Option `implicit' set `false' on input line 4374.
Package hyperref Info: Hyper figures OFF on input line 4498.
Package hyperref Info: Link nesting OFF on input line 4503.
Package hyperref Info: Hyper index ON on input line 4506.
Package hyperref Info: Plain pages OFF on input line 4513.
Package hyperref Info: Backreferencing OFF on input line 4518.
Package hyperref Info: Implicit mode OFF; no redefinition of LaTeX internals.
Package hyperref Info: Bookmarks ON on input line 4751.
\c@Hy@tempcnt=\count121
 (/usr/share/texlive/texmf-dist/tex/latex/url/url.sty
\Urlmuskip=\muskip10
Package: url 2013/09/16  ver 3.4  Verb mode for urls, etc.
)
LaTeX Info: Redefining \url on input line 5104.
\XeTeXLinkMargin=\dimen165
\Fld@menulength=\count122
\Field@Width=\dimen166
\Fld@charsize=\dimen167
Package hyperref Info: Hyper figures OFF on input line 6358.
Package hyperref Info: Link nesting OFF on input line 6363.
Package hyperref Info: Hyper index ON on input line 6366.
Package hyperref Info: backreferencing OFF on input line 6373.
Package hyperref Info: Link coloring OFF on input line 6378.
Package hyperref Info: Link coloring with OCG OFF on input line 6383.
Package hyperref Info: PDF/A mode OFF on input line 6388.
LaTeX Info: Redefining \ref on input line 6428.
LaTeX Info: Redefining \pageref on input line 6432.
\Hy@abspage=\count123


Package hyperref Message: Stopped early.

)

Package hyperref Message: Driver (autodetected): hpdftex.

(/usr/share/texlive/texmf-dist/tex/latex/hyperref/hpdftex.def
File: hpdftex.def 2017/03/14 v6.85a Hyperref driver for pdfTeX
\Fld@listcount=\count124
\c@bookmark@seq@number=\count125
 (/usr/share/texlive/texmf-dist/tex/latex/oberdiek/rerunfilecheck.sty
Package: rerunfilecheck 2016/05/16 v1.8 Rerun checks for auxiliary files (HO)
Package uniquecounter Info: New unique counter `rerunfilecheck' on input line 282.
)) (/usr/share/texlive/texmf-dist/tex/latex/beamer/beamerbaserequires.sty (/usr/share/texlive/texmf-dist/tex/latex/beamer/beamerbasecompatibility.sty) (/usr/share/texlive/texmf-dist/tex/latex/beamer/beamerbasefont.sty (/usr/share/texlive/texmf-dist/tex/latex/amsfonts/amssymb.sty
Package: amssymb 2013/01/14 v3.01 AMS font symbols
 (/usr/share/texlive/texmf-dist/tex/latex/amsfonts/amsfonts.sty
Package: amsfonts 2013/01/14 v3.01 Basic AMSFonts support
\@emptytoks=\toks26
\symAMSa=\mathgroup4
\symAMSb=\mathgroup5
LaTeX Font Info:    Overwriting math alphabet `\mathfrak' in version `bold'
(Font)                  U/euf/m/n --> U/euf/b/n on input line 106.
))) (/usr/share/texlive/texmf-dist/tex/latex/beamer/beamerbasetranslator.sty (/usr/share/texlive/texmf-dist/tex/latex/beamer/translator/translator.sty
Package: translator 2010/06/12 ver 1.10
 (/usr/share/texlive/texmf-dist/tex/latex/beamer/translator/translator-language-mappings.tex))) (/usr/share/texlive/texmf-dist/tex/latex/beamer/beamerbasemisc.sty) (/usr/share/texlive/texmf-dist/tex/latex/beamer/beamerbasetwoscreens.sty) (/usr/share/texlive/texmf-dist/tex/latex/beamer/beamerbaseoverlay.sty
\beamer@argscount=\count126
\beamer@lastskipcover=\skip44
\beamer@trivlistdepth=\count127
) (/usr/share/texlive/texmf-dist/tex/latex/beamer/beamerbasetitle.sty) (/usr/share/texlive/texmf-dist/tex/latex/beamer/beamerbasesection.sty
\c@lecture=\count128
\c@part=\count129
\c@section=\count130
\c@subsection=\count131
\c@subsubsection=\count132
) (/usr/share/texlive/texmf-dist/tex/latex/beamer/beamerbaseframe.sty
\beamer@framebox=\box40
\beamer@frametitlebox=\box41
\beamer@zoombox=\box42
\beamer@zoomcount=\count133
\beamer@zoomframecount=\count134
\beamer@frametextheight=\dimen168
\c@subsectionslide=\count135
\beamer@frametopskip=\skip45
\beamer@framebottomskip=\skip46
\beamer@frametopskipautobreak=\skip47
\beamer@framebottomskipautobreak=\skip48
\beamer@envbody=\toks27
\framewidth=\dimen169
\c@framenumber=\count136
) (/usr/share/texlive/texmf-dist/tex/latex/beamer/beamerbaseverbatim.sty
\beamer@verbatimfileout=\write4
) (/usr/share/texlive/texmf-dist/tex/latex/beamer/beamerbaseframesize.sty
\beamer@splitbox=\box43
\beamer@autobreakcount=\count137
\beamer@autobreaklastheight=\dimen170
\beamer@frametitletoks=\toks28
\beamer@framesubtitletoks=\toks29
) (/usr/share/texlive/texmf-dist/tex/latex/beamer/beamerbaseframecomponents.sty
\beamer@footins=\box44
) (/usr/share/texlive/texmf-dist/tex/latex/beamer/beamerbasecolor.sty) (/usr/share/texlive/texmf-dist/tex/latex/beamer/beamerbasenotes.sty
\beamer@frameboxcopy=\box45
) (/usr/share/texlive/texmf-dist/tex/latex/beamer/beamerbasetoc.sty) (/usr/share/texlive/texmf-dist/tex/latex/beamer/beamerbasetemplates.sty
\beamer@sbttoks=\toks30
 (/usr/share/texlive/texmf-dist/tex/latex/beamer/beamerbaseauxtemplates.sty (/usr/share/texlive/texmf-dist/tex/latex/beamer/beamerbaseboxes.sty
\bmb@box=\box46
\bmb@colorbox=\box47
\bmb@boxshadow=\box48
\bmb@boxshadowball=\box49
\bmb@boxshadowballlarge=\box50
\bmb@temp=\dimen171
\bmb@dima=\dimen172
\bmb@dimb=\dimen173
\bmb@prevheight=\dimen174
)
\beamer@blockheadheight=\dimen175
)) (/usr/share/texlive/texmf-dist/tex/latex/beamer/beamerbaselocalstructure.sty (/usr/share/texlive/texmf-dist/tex/latex/tools/enumerate.sty
Package: enumerate 2015/07/23 v3.00 enumerate extensions (DPC)
\@enLab=\toks31
)
\c@figure=\count138
\c@table=\count139
\abovecaptionskip=\skip49
\belowcaptionskip=\skip50
) (/usr/share/texlive/texmf-dist/tex/latex/beamer/beamerbasenavigation.sty
\beamer@section@min@dim=\dimen176
) (/usr/share/texlive/texmf-dist/tex/latex/beamer/beamerbasetheorems.sty (/usr/share/texlive/texmf-dist/tex/latex/amsmath/amsmath.sty
Package: amsmath 2016/11/05 v2.16a AMS math features
\@mathmargin=\skip51

For additional information on amsmath, use the `?' option.
(/usr/share/texlive/texmf-dist/tex/latex/amsmath/amstext.sty
Package: amstext 2000/06/29 v2.01 AMS text
 (/usr/share/texlive/texmf-dist/tex/latex/amsmath/amsgen.sty
File: amsgen.sty 1999/11/30 v2.0 generic functions
\@emptytoks=\toks32
\ex@=\dimen177
)) (/usr/share/texlive/texmf-dist/tex/latex/amsmath/amsbsy.sty
Package: amsbsy 1999/11/29 v1.2d Bold Symbols
\pmbraise@=\dimen178
) (/usr/share/texlive/texmf-dist/tex/latex/amsmath/amsopn.sty
Package: amsopn 2016/03/08 v2.02 operator names
)
\inf@bad=\count140
LaTeX Info: Redefining \frac on input line 213.
\uproot@=\count141
\leftroot@=\count142
LaTeX Info: Redefining \overline on input line 375.
\classnum@=\count143
\DOTSCASE@=\count144
LaTeX Info: Redefining \ldots on input line 472.
LaTeX Info: Redefining \dots on input line 475.
LaTeX Info: Redefining \cdots on input line 596.
\Mathstrutbox@=\box51
\strutbox@=\box52
\big@size=\dimen179
LaTeX Font Info:    Redeclaring font encoding OML on input line 712.
LaTeX Font Info:    Redeclaring font encoding OMS on input line 713.
\macc@depth=\count145
\c@MaxMatrixCols=\count146
\dotsspace@=\muskip11
\c@parentequation=\count147
\dspbrk@lvl=\count148
\tag@help=\toks33
\row@=\count149
\column@=\count150
\maxfields@=\count151
\andhelp@=\toks34
\eqnshift@=\dimen180
\alignsep@=\dimen181
\tagshift@=\dimen182
\tagwidth@=\dimen183
\totwidth@=\dimen184
\lineht@=\dimen185
\@envbody=\toks35
\multlinegap=\skip52
\multlinetaggap=\skip53
\mathdisplay@stack=\toks36
LaTeX Info: Redefining \[ on input line 2817.
LaTeX Info: Redefining \] on input line 2818.
) (/usr/share/texlive/texmf-dist/tex/latex/amscls/amsthm.sty
Package: amsthm 2015/03/04 v2.20.2
\thm@style=\toks37
\thm@bodyfont=\toks38
\thm@headfont=\toks39
\thm@notefont=\toks40
\thm@headpunct=\toks41
\thm@preskip=\skip54
\thm@postskip=\skip55
\thm@headsep=\skip56
\dth@everypar=\toks42
)
\c@theorem=\count152
) (/usr/share/texlive/texmf-dist/tex/latex/beamer/beamerbasethemes.sty)) (/usr/share/texlive/texmf-dist/tex/latex/beamer/themes/theme/beamerthemedefault.sty (/usr/share/texlive/texmf-dist/tex/latex/beamer/themes/font/beamerfontthemedefault.sty) (/usr/share/texlive/texmf-dist/tex/latex/beamer/themes/color/beamercolorthemedefault.sty) (/usr/share/texlive/texmf-dist/tex/latex/beamer/themes/inner/beamerinnerthemedefault.sty
\beamer@dima=\dimen186
\beamer@dimb=\dimen187
) (/usr/share/texlive/texmf-dist/tex/latex/beamer/themes/outer/beamerouterthemedefault.sty))) (/usr/share/texlive/texmf-dist/tex/latex/beamer/themes/font/beamerfontthemeserif.sty) (/usr/share/texlive/texmf-dist/tex/latex/beamer/themes/theme/beamerthemeAntibes.sty (/usr/share/texlive/texmf-dist/tex/latex/beamer/themes/outer/beamerouterthemetree.sty) (/usr/share/texlive/texmf-dist/tex/latex/beamer/themes/color/beamercolorthemewhale.sty) (/usr/share/texlive/texmf-dist/tex/latex/beamer/themes/color/beamercolorthemeorchid.sty) (/usr/share/texlive/texmf-dist/tex/latex/beamer/themes/inner/beamerinnerthemerectangles.sty)) (/usr/share/texlive/texmf-dist/tex/latex/booktabs/booktabs.sty
Package: booktabs 2016/04/27 v1.618033 publication quality tables
\heavyrulewidth=\dimen188
\lightrulewidth=\dimen189
\cmidrulewidth=\dimen190
\belowrulesep=\dimen191
\belowbottomsep=\dimen192
\aboverulesep=\dimen193
\abovetopsep=\dimen194
\cmidrulesep=\dimen195
\cmidrulekern=\dimen196
\defaultaddspace=\dimen197
\@cmidla=\count153
\@cmidlb=\count154
\@aboverulesep=\dimen198
\@belowrulesep=\dimen199
\@thisruleclass=\count155
\@lastruleclass=\count156
\@thisrulewidth=\dimen256
) (/usr/share/texlive/texmf-dist/tex/latex/natbib/natbib.sty
Package: natbib 2010/09/13 8.31b (PWD, AO)
\bibhang=\skip57
\bibsep=\skip58
LaTeX Info: Redefining \cite on input line 694.
\c@NAT@ctr=\count157
) (/usr/share/texlive/texmf-dist/tex/latex/subfig/subfig.sty
Package: subfig 2005/06/28 ver: 1.3 subfig package
 (/home/nd/texmf/tex/latex/caption/caption.sty
Package: caption 2016/02/21 v3.3-144 Customizing captions (AR)
 (/home/nd/texmf/tex/latex/caption/caption3.sty
Package: caption3 2016/05/22 v1.7-166 caption3 kernel (AR)
Package caption3 Info: TeX engine: e-TeX on input line 67.
\captionmargin=\dimen257
\captionmargin@=\dimen258
\captionwidth=\dimen259
\caption@tempdima=\dimen260
\caption@indent=\dimen261
\caption@parindent=\dimen262
\caption@hangindent=\dimen263
)
\c@ContinuedFloat=\count158
Package caption Info: beamer document class.
Package caption Info: hyperref package is loaded.
Package caption Info: Hyperref support is turned off
(caption)             because hyperref has stopped early.
)
\c@KVtest=\count159
\sf@farskip=\skip59
\sf@captopadj=\dimen264
\sf@capskip=\skip60
\sf@nearskip=\skip61
\c@subfigure=\count160
\c@subfigure@save=\count161
\c@depth=\count162
\c@subtable=\count163
\c@subtable@save=\count164
\sf@top=\skip62
\sf@bottom=\skip63
)

Package hyperref Warning: Token not allowed in a PDF string (PDFDocEncoding):
(hyperref)                removing `\kernel@ifnextchar' on input line 108.


Package hyperref Warning: Token not allowed in a PDF string (PDFDocEncoding):
(hyperref)                removing `\translate ' on input line 108.

(./presentation_1.aux)
\openout1 = `presentation_1.aux'.

LaTeX Font Info:    Checking defaults for OML/cmm/m/it on input line 110.
LaTeX Font Info:    ... okay on input line 110.
LaTeX Font Info:    Checking defaults for T1/cmr/m/n on input line 110.
LaTeX Font Info:    ... okay on input line 110.
LaTeX Font Info:    Checking defaults for OT1/cmr/m/n on input line 110.
LaTeX Font Info:    ... okay on input line 110.
LaTeX Font Info:    Checking defaults for OMS/cmsy/m/n on input line 110.
LaTeX Font Info:    ... okay on input line 110.
LaTeX Font Info:    Checking defaults for OMX/cmex/m/n on input line 110.
LaTeX Font Info:    ... okay on input line 110.
LaTeX Font Info:    Checking defaults for U/cmr/m/n on input line 110.
LaTeX Font Info:    ... okay on input line 110.
LaTeX Font Info:    Checking defaults for PD1/pdf/m/n on input line 110.
LaTeX Font Info:    ... okay on input line 110.

*geometry* driver: auto-detecting
*geometry* detected driver: pdftex
*geometry* verbose mode - [ preamble ] result:
* driver: pdftex
* paper: custom
* layout: <same size as paper>
* layoutoffset:(h,v)=(0.0pt,0.0pt)
* modes: includehead includefoot 
* h-part:(L,W,R)=(28.45274pt, 398.3386pt, 28.45274pt)
* v-part:(T,H,B)=(0.0pt, 256.0748pt, 0.0pt)
* \paperwidth=455.24408pt
* \paperheight=256.0748pt
* \textwidth=398.3386pt
* \textheight=227.62207pt
* \oddsidemargin=-43.81725pt
* \evensidemargin=-43.81725pt
* \topmargin=-72.26999pt
* \headheight=14.22636pt
* \headsep=0.0pt
* \topskip=11.0pt
* \footskip=14.22636pt
* \marginparwidth=4.0pt
* \marginparsep=10.0pt
* \columnsep=10.0pt
* \skip\footins=10.0pt plus 4.0pt minus 2.0pt
* \hoffset=0.0pt
* \voffset=0.0pt
* \mag=1000
* \@twocolumnfalse
* \@twosidefalse
* \@mparswitchfalse
* \@reversemarginfalse
* (1in=72.27pt=25.4mm, 1cm=28.453pt)

(/usr/share/texlive/texmf-dist/tex/context/base/mkii/supp-pdf.mkii
[Loading MPS to PDF converter (version 2006.09.02).]
\scratchcounter=\count165
\scratchdimen=\dimen265
\scratchbox=\box53
\nofMPsegments=\count166
\nofMParguments=\count167
\everyMPshowfont=\toks43
\MPscratchCnt=\count168
\MPscratchDim=\dimen266
\MPnumerator=\count169
\makeMPintoPDFobject=\count170
\everyMPtoPDFconversion=\toks44
) (/usr/share/texlive/texmf-dist/tex/latex/oberdiek/epstopdf-base.sty
Package: epstopdf-base 2016/05/15 v2.6 Base part for package epstopdf
 (/usr/share/texlive/texmf-dist/tex/latex/oberdiek/grfext.sty
Package: grfext 2016/05/16 v1.2 Manage graphics extensions (HO)
)
Package epstopdf-base Info: Redefining graphics rule for `.eps' on input line 438.
Package grfext Info: Graphics extension search list:
(grfext)             [.pdf,.png,.jpg,.mps,.jpeg,.jbig2,.jb2,.PDF,.PNG,.JPG,.JPEG,.JBIG2,.JB2,.eps]
(grfext)             \AppendGraphicsExtensions on input line 456.
 (/usr/share/texlive/texmf-dist/tex/latex/latexconfig/epstopdf-sys.cfg
File: epstopdf-sys.cfg 2010/07/13 v1.3 Configuration of (r)epstopdf for TeX Live
)) ABD: EveryShipout initializing macros
\AtBeginShipoutBox=\box54
Package hyperref Info: Link coloring OFF on input line 110.
 (/usr/share/texlive/texmf-dist/tex/latex/hyperref/nameref.sty
Package: nameref 2016/05/21 v2.44 Cross-referencing by name of section
 (/usr/share/texlive/texmf-dist/tex/generic/oberdiek/gettitlestring.sty
Package: gettitlestring 2016/05/16 v1.5 Cleanup title references (HO)
)
\c@section@level=\count171
)
LaTeX Info: Redefining \ref on input line 110.
LaTeX Info: Redefining \pageref on input line 110.
LaTeX Info: Redefining \nameref on input line 110.
 (./presentation_1.out) (./presentation_1.out)
\@outlinefile=\write5
\openout5 = `presentation_1.out'.

 (/usr/share/texlive/texmf-dist/tex/latex/beamer/translator/dicts/translator-basic-dictionary/translator-basic-dictionary-English.dict
Dictionary: translator-basic-dictionary, Language: English 
) (/usr/share/texlive/texmf-dist/tex/latex/beamer/translator/dicts/translator-bibliography-dictionary/translator-bibliography-dictionary-English.dict
Dictionary: translator-bibliography-dictionary, Language: English 
) (/usr/share/texlive/texmf-dist/tex/latex/beamer/translator/dicts/translator-environment-dictionary/translator-environment-dictionary-English.dict
Dictionary: translator-environment-dictionary, Language: English 
) (/usr/share/texlive/texmf-dist/tex/latex/beamer/translator/dicts/translator-months-dictionary/translator-months-dictionary-English.dict
Dictionary: translator-months-dictionary, Language: English 
) (/usr/share/texlive/texmf-dist/tex/latex/beamer/translator/dicts/translator-numbers-dictionary/translator-numbers-dictionary-English.dict
Dictionary: translator-numbers-dictionary, Language: English 
) (/usr/share/texlive/texmf-dist/tex/latex/beamer/translator/dicts/translator-theorem-dictionary/translator-theorem-dictionary-English.dict
Dictionary: translator-theorem-dictionary, Language: English 
)
LaTeX Info: Redefining \includegraphics on input line 110.
Package caption Info: Begin \AtBeginDocument code.
Package caption Info: subfig package v1.3 is loaded.
Package caption Info: End \AtBeginDocument code.
 (./presentation_1.nav) [1

{/var/lib/texmf/fonts/map/pdftex/updmap/pdftex.map}] (./presentation_1.toc) [2

]
<figures/parents.jpg, id=77, 1606.0pt x 1600.98125pt>
File: figures/parents.jpg Graphic file (type jpg)
<use figures/parents.jpg>
Package pdftex.def Info: figures/parents.jpg  used on input line 146. on input line 146.
Package pdftex.def Info: Requested size: 139.4179pt x 138.97644pt on input line 146.
 [3

 <./figures/parents.jpg>]
<figures/tucker.png, id=83, 1425.325pt x 764.8575pt>
File: figures/tucker.png Graphic file (type png)
<use figures/tucker.png>
Package pdftex.def Info: figures/tucker.png  used on input line 158. on input line 158.
Package pdftex.def Info: Requested size: 358.50229pt x 192.36931pt on input line 158.

Overfull \vbox (4.70392pt too high) detected at line 158
 []

[4

 <./figures/tucker.png>]
<figures/half-tucker.png, id=92, 720.6925pt x 697.60625pt>
File: figures/half-tucker.png Graphic file (type png)
<use figures/half-tucker.png>
Package pdftex.def Info: figures/half-tucker.png  used on input line 189. on input line 189.
Package pdftex.def Info: Requested size: 179.25114pt x 173.50697pt on input line 189.
 [5

 <./figures/half-tucker.png>]
LaTeX Font Info:    Try loading font information for U+msa on input line 221.
 (/usr/share/texlive/texmf-dist/tex/latex/amsfonts/umsa.fd
File: umsa.fd 2013/01/14 v3.01 AMS symbols A
)
LaTeX Font Info:    Try loading font information for U+msb on input line 221.
 (/usr/share/texlive/texmf-dist/tex/latex/amsfonts/umsb.fd
File: umsb.fd 2013/01/14 v3.01 AMS symbols B
)
</home/nd/cloud/thesis/figures/walking-stick-man.pdf, id=100, pagebox=cropbox, 593.21625pt x 448.67625pt>
File: /home/nd/cloud/thesis/figures/walking-stick-man.pdf Graphic file (type pdf)
<use /home/nd/cloud/thesis/figures/walking-stick-man.pdf>
Package pdftex.def Info: /home/nd/cloud/thesis/figures/walking-stick-man.pdf  used on input line 221. on input line 221.
Package pdftex.def Info: Requested size: 175.26726pt x 132.56374pt on input line 221.

Overfull \hbox (15.93427pt too wide) in paragraph at lines 221--221
 [] 
 []

[6

 </home/nd/cloud/thesis/figures/walking-stick-man.pdf>]
</home/nd/cloud/thesis/figures/luvstrek-data-plot.pdf, id=133, pagebox=cropbox, 839.86736pt x 350.10033pt>
File: /home/nd/cloud/thesis/figures/luvstrek-data-plot.pdf Graphic file (type pdf)
<use /home/nd/cloud/thesis/figures/luvstrek-data-plot.pdf>
Package pdftex.def Info: /home/nd/cloud/thesis/figures/luvstrek-data-plot.pdf  used on input line 234. on input line 234.
Package pdftex.def Info: Requested size: 358.50229pt x 149.44507pt on input line 234.
 [7

 </home/nd/cloud/thesis/figures/luvstrek-data-plot.pdf>]
<figures/kalman.png, id=163, 866.23625pt x 474.77374pt>
File: figures/kalman.png Graphic file (type png)
<use figures/kalman.png>
Package pdftex.def Info: figures/kalman.png  used on input line 257. on input line 257.
Package pdftex.def Info: Requested size: 199.1693pt x 109.15944pt on input line 257.
<figures/MLDA.png, id=166, 764.8575pt x 692.5875pt>
File: figures/MLDA.png Graphic file (type png)
<use figures/MLDA.png>
Package pdftex.def Info: figures/MLDA.png  used on input line 257. on input line 257.
Package pdftex.def Info: Requested size: 179.25114pt x 162.31422pt on input line 257.
 [8

 <./figures/kalman.png> <./figures/MLDA.png>]
Package epstopdf Info: Source file: </home/nd/cloud/thesis/figures/raw_class_all.eps>
(epstopdf)                    date: 2017-09-27 15:07:34
(epstopdf)                    size: 123893 bytes
(epstopdf)             Output file: </home/nd/cloud/thesis/figures/raw_class_all-eps-converted-to.pdf>
(epstopdf)                    date: 2017-09-27 15:10:47
(epstopdf)                    size: 14023 bytes
(epstopdf)             Command: <repstopdf --outfile=/home/nd/cloud/thesis/figures/raw_class_all-eps-converted-to.pdf /home/nd/cloud/thesis/figures/raw_class_all.eps>
(epstopdf)             \includegraphics on input line 278.
Package epstopdf Info: Output file is already uptodate.
</home/nd/cloud/thesis/figures/raw_class_all-eps-converted-to.pdf, id=176, pagebox=cropbox, 460.72125pt x 478.78876pt>
File: /home/nd/cloud/thesis/figures/raw_class_all-eps-converted-to.pdf Graphic file (type pdf)
<use /home/nd/cloud/thesis/figures/raw_class_all-eps-converted-to.pdf>
Package pdftex.def Info: /home/nd/cloud/thesis/figures/raw_class_all-eps-converted-to.pdf  used on input line 278. on input line 278.
Package pdftex.def Info: Requested size: 179.25114pt x 186.2739pt on input line 278.
Package epstopdf Info: Source file: </home/nd/cloud/thesis/figures/dr_main.eps>
(epstopdf)                    date: 2017-06-16 19:29:26
(epstopdf)                    size: 126546 bytes
(epstopdf)             Output file: </home/nd/cloud/thesis/figures/dr_main-eps-converted-to.pdf>
(epstopdf)                    date: 2017-06-16 19:29:26
(epstopdf)                    size: 15315 bytes
(epstopdf)             Command: <repstopdf --outfile=/home/nd/cloud/thesis/figures/dr_main-eps-converted-to.pdf /home/nd/cloud/thesis/figures/dr_main.eps>
(epstopdf)             \includegraphics on input line 278.
Package epstopdf Info: Output file is already uptodate.
</home/nd/cloud/thesis/figures/dr_main-eps-converted-to.pdf, id=177, pagebox=cropbox, 460.72125pt x 478.78876pt>
File: /home/nd/cloud/thesis/figures/dr_main-eps-converted-to.pdf Graphic file (type pdf)
<use /home/nd/cloud/thesis/figures/dr_main-eps-converted-to.pdf>
Package pdftex.def Info: /home/nd/cloud/thesis/figures/dr_main-eps-converted-to.pdf  used on input line 278. on input line 278.
Package pdftex.def Info: Requested size: 179.25114pt x 186.2739pt on input line 278.
 [9

 </home/nd/cloud/thesis/figures/raw_class_all-eps-converted-to.pdf> </home/nd/cloud/thesis/figures/dr_main-eps-converted-to.pdf>]
Package epstopdf Info: Source file: </home/nd/cloud/thesis/figures/foo2_updates2.eps>
(epstopdf)                    date: 2017-06-16 19:29:26
(epstopdf)                    size: 115598 bytes
(epstopdf)             Output file: </home/nd/cloud/thesis/figures/foo2_updates2-eps-converted-to.pdf>
(epstopdf)                    date: 2017-06-16 19:29:26
(epstopdf)                    size: 10814 bytes
(epstopdf)             Command: <repstopdf --outfile=/home/nd/cloud/thesis/figures/foo2_updates2-eps-converted-to.pdf /home/nd/cloud/thesis/figures/foo2_updates2.eps>
(epstopdf)             \includegraphics on input line 303.
Package epstopdf Info: Output file is already uptodate.
</home/nd/cloud/thesis/figures/foo2_updates2-eps-converted-to.pdf, id=198, pagebox=cropbox, 357.335pt x 591.20876pt>
File: /home/nd/cloud/thesis/figures/foo2_updates2-eps-converted-to.pdf Graphic file (type pdf)
<use /home/nd/cloud/thesis/figures/foo2_updates2-eps-converted-to.pdf>
Package pdftex.def Info: /home/nd/cloud/thesis/figures/foo2_updates2-eps-converted-to.pdf  used on input line 303. on input line 303.
Package pdftex.def Info: Requested size: 99.58464pt x 164.7615pt on input line 303.

Overfull \vbox (2.09612pt too high) detected at line 303
 []

[10

 </home/nd/cloud/thesis/figures/foo2_updates2-eps-converted-to.pdf>]
File: figures/tucker.png Graphic file (type png)
<use figures/tucker.png>
Package pdftex.def Info: figures/tucker.png  used on input line 314. on input line 314.
Package pdftex.def Info: Requested size: 358.50229pt x 192.36931pt on input line 314.

Overfull \vbox (4.70392pt too high) detected at line 314
 []

[11

]
Overfull \hbox (14.09996pt too wide) in paragraph at lines 345--345
[][] 
 []

<figures/state-seq-data1.pdf, id=221, pagebox=cropbox, 331.63899pt x 334.04486pt>
File: figures/state-seq-data1.pdf Graphic file (type pdf)
<use figures/state-seq-data1.pdf>
Package pdftex.def Info: figures/state-seq-data1.pdf  used on input line 345. on input line 345.
Package pdftex.def Info: Requested size: 99.58464pt x 100.30597pt on input line 345.
<figures/state-seq-data2.pdf, id=222, pagebox=cropbox, 331.63899pt x 334.04486pt>
File: figures/state-seq-data2.pdf Graphic file (type pdf)
<use figures/state-seq-data2.pdf>
Package pdftex.def Info: figures/state-seq-data2.pdf  used on input line 345. on input line 345.
Package pdftex.def Info: Requested size: 99.58464pt x 100.30597pt on input line 345.
[12

 <./figures/state-seq-data1.pdf> <./figures/state-seq-data2.pdf

pdfTeX warning: pdflatex (file ./figures/state-seq-data2.pdf): PDF inclusion: multiple pdfs with page group included in a single page
>]
<figures/PAPER-raw-data-figure.pdf, id=312, pagebox=cropbox, 895.50018pt x 258.34702pt>
File: figures/PAPER-raw-data-figure.pdf Graphic file (type pdf)
<use figures/PAPER-raw-data-figure.pdf>
Package pdftex.def Info: figures/PAPER-raw-data-figure.pdf  used on input line 366. on input line 366.
Package pdftex.def Info: Requested size: 358.50229pt x 103.42763pt on input line 366.

Overfull \vbox (6.62892pt too high) detected at line 366
 []

[13

 <./figures/PAPER-raw-data-figure.pdf>] [14

]
<figures/hmm-anglican.png, id=356, 1202.4925pt x 602.25pt>
File: figures/hmm-anglican.png Graphic file (type png)
<use figures/hmm-anglican.png>
Package pdftex.def Info: figures/hmm-anglican.png  used on input line 411. on input line 411.
Package pdftex.def Info: Requested size: 167.30013pt x 83.78142pt on input line 411.

Overfull \hbox (7.96713pt too wide) in paragraph at lines 411--411
 [] 
 []

[15

 <./figures/hmm-anglican.png (PNG copy)>]
Overfull \hbox (0.99442pt too wide) in paragraph at lines 441--441
 | 
 []

<figures/tolpin-model.png, id=363, 1167.36125pt x 392.46625pt>
File: figures/tolpin-model.png Graphic file (type png)
<use figures/tolpin-model.png>
Package pdftex.def Info: figures/tolpin-model.png  used on input line 441. on input line 441.
Package pdftex.def Info: Requested size: 239.00558pt x 80.3543pt on input line 441.

Overfull \hbox (0.99442pt too wide) in paragraph at lines 441--441
 []| 
 []

[16

 <./figures/tolpin-model.png>]
Package epstopdf Info: Source file: <figures/HMM.eps>
(epstopdf)                    date: 2018-01-24 10:01:23
(epstopdf)                    size: 106311 bytes
(epstopdf)             Output file: <figures/HMM-eps-converted-to.pdf>
(epstopdf)                    date: 2018-01-24 10:11:35
(epstopdf)                    size: 10266 bytes
(epstopdf)             Command: <repstopdf --outfile=figures/HMM-eps-converted-to.pdf figures/HMM.eps>
(epstopdf)             \includegraphics on input line 482.
Package epstopdf Info: Output file is already uptodate.
<figures/HMM-eps-converted-to.pdf, id=377, pagebox=cropbox, 179.67125pt x 59.22125pt>
File: figures/HMM-eps-converted-to.pdf Graphic file (type pdf)
<use figures/HMM-eps-converted-to.pdf>
Package pdftex.def Info: figures/HMM-eps-converted-to.pdf  used on input line 482. on input line 482.
Package pdftex.def Info: Requested size: 159.33604pt x 52.52238pt on input line 482.
Package epstopdf Info: Source file: <figures/HDPHMM.eps>
(epstopdf)                    date: 2018-01-24 10:01:22
(epstopdf)                    size: 194213 bytes
(epstopdf)             Output file: <figures/HDPHMM-eps-converted-to.pdf>
(epstopdf)                    date: 2018-01-24 10:01:22
(epstopdf)                    size: 16956 bytes
(epstopdf)             Command: <repstopdf --outfile=figures/HDPHMM-eps-converted-to.pdf figures/HDPHMM.eps>
(epstopdf)             \includegraphics on input line 482.
Package epstopdf Info: Output file is already uptodate.
<figures/HDPHMM-eps-converted-to.pdf, id=378, pagebox=cropbox, 219.82124pt x 99.37125pt>
File: figures/HDPHMM-eps-converted-to.pdf Graphic file (type pdf)
<use figures/HDPHMM-eps-converted-to.pdf>
Package pdftex.def Info: figures/HDPHMM-eps-converted-to.pdf  used on input line 482. on input line 482.
Package pdftex.def Info: Requested size: 159.33604pt x 72.03093pt on input line 482.
 [17

 <./figures/HMM-eps-converted-to.pdf> <./figures/HDPHMM-eps-converted-to.pdf>]
Overfull \hbox (5.87323pt too wide) in paragraph at lines 535--535
[]  
 []

[18

]
Package epstopdf Info: Source file: <figures/HDPHMM.eps>
(epstopdf)                    date: 2018-01-24 10:01:22
(epstopdf)                    size: 194213 bytes
(epstopdf)             Output file: <figures/HDPHMM-eps-converted-to.pdf>
(epstopdf)                    date: 2018-01-24 10:01:22
(epstopdf)                    size: 16956 bytes
(epstopdf)             Command: <repstopdf --outfile=figures/HDPHMM-eps-converted-to.pdf figures/HDPHMM.eps>
(epstopdf)             \includegraphics on input line 554.
Package epstopdf Info: Output file is already uptodate.
File: figures/HDPHMM-eps-converted-to.pdf Graphic file (type pdf)
<use figures/HDPHMM-eps-converted-to.pdf>
Package pdftex.def Info: figures/HDPHMM-eps-converted-to.pdf  used on input line 554. on input line 554.
Package pdftex.def Info: Requested size: 119.50279pt x 54.02054pt on input line 554.
Package epstopdf Info: Source file: <figures/stickyHDPHMM.eps>
(epstopdf)                    date: 2018-01-24 10:01:23
(epstopdf)                    size: 195180 bytes
(epstopdf)             Output file: <figures/stickyHDPHMM-eps-converted-to.pdf>
(epstopdf)                    date: 2018-01-24 10:11:35
(epstopdf)                    size: 17256 bytes
(epstopdf)             Command: <repstopdf --outfile=figures/stickyHDPHMM-eps-converted-to.pdf figures/stickyHDPHMM.eps>
(epstopdf)             \includegraphics on input line 554.
Package epstopdf Info: Output file is already uptodate.
<figures/stickyHDPHMM-eps-converted-to.pdf, id=468, pagebox=cropbox, 219.82124pt x 99.37125pt>
File: figures/stickyHDPHMM-eps-converted-to.pdf Graphic file (type pdf)
<use figures/stickyHDPHMM-eps-converted-to.pdf>
Package pdftex.def Info: figures/stickyHDPHMM-eps-converted-to.pdf  used on input line 554. on input line 554.
Package pdftex.def Info: Requested size: 119.50279pt x 54.02054pt on input line 554.
Package epstopdf Info: Source file: <figures/statefulHDPHMM.eps>
(epstopdf)                    date: 2018-01-24 10:01:23
(epstopdf)                    size: 195312 bytes
(epstopdf)             Output file: <figures/statefulHDPHMM-eps-converted-to.pdf>
(epstopdf)                    date: 2018-01-24 10:11:35
(epstopdf)                    size: 17269 bytes
(epstopdf)             Command: <repstopdf --outfile=figures/statefulHDPHMM-eps-converted-to.pdf figures/statefulHDPHMM.eps>
(epstopdf)             \includegraphics on input line 554.
Package epstopdf Info: Output file is already uptodate.
<figures/statefulHDPHMM-eps-converted-to.pdf, id=469, pagebox=cropbox, 219.82124pt x 113.42375pt>
File: figures/statefulHDPHMM-eps-converted-to.pdf Graphic file (type pdf)
<use figures/statefulHDPHMM-eps-converted-to.pdf>
Package pdftex.def Info: figures/statefulHDPHMM-eps-converted-to.pdf  used on input line 554. on input line 554.
Package pdftex.def Info: Requested size: 119.50279pt x 61.6598pt on input line 554.
Package epstopdf Info: Source file: <figures/HDPEDHMM.eps>
(epstopdf)                    date: 2018-01-24 10:01:22
(epstopdf)                    size: 232122 bytes
(epstopdf)             Output file: <figures/HDPEDHMM-eps-converted-to.pdf>
(epstopdf)                    date: 2018-01-24 10:01:22
(epstopdf)                    size: 20841 bytes
(epstopdf)             Command: <repstopdf --outfile=figures/HDPEDHMM-eps-converted-to.pdf figures/HDPEDHMM.eps>
(epstopdf)             \includegraphics on input line 554.
Package epstopdf Info: Output file is already uptodate.
<figures/HDPEDHMM-eps-converted-to.pdf, id=470, pagebox=cropbox, 243.91125pt x 139.52126pt>
File: figures/HDPEDHMM-eps-converted-to.pdf Graphic file (type pdf)
<use figures/HDPEDHMM-eps-converted-to.pdf>
Package pdftex.def Info: figures/HDPEDHMM-eps-converted-to.pdf  used on input line 554. on input line 554.
Package pdftex.def Info: Requested size: 159.333pt x 91.14119pt on input line 554.
Package epstopdf Info: Source file: <figures/stateful-HDPEDHMM-v2.eps>
(epstopdf)                    date: 2018-01-24 10:01:23
(epstopdf)                    size: 246286 bytes
(epstopdf)             Output file: <figures/stateful-HDPEDHMM-v2-eps-converted-to.pdf>
(epstopdf)                    date: 2018-01-24 10:11:35
(epstopdf)                    size: 21812 bytes
(epstopdf)             Command: <repstopdf --outfile=figures/stateful-HDPEDHMM-v2-eps-converted-to.pdf figures/stateful-HDPEDHMM-v2.eps>
(epstopdf)             \includegraphics on input line 554.
Package epstopdf Info: Output file is already uptodate.
<figures/stateful-HDPEDHMM-v2-eps-converted-to.pdf, id=471, pagebox=cropbox, 251.94125pt x 139.52126pt>
File: figures/stateful-HDPEDHMM-v2-eps-converted-to.pdf Graphic file (type pdf)
<use figures/stateful-HDPEDHMM-v2-eps-converted-to.pdf>
Package pdftex.def Info: figures/stateful-HDPEDHMM-v2-eps-converted-to.pdf  used on input line 554. on input line 554.
Package pdftex.def Info: Requested size: 159.333pt x 88.23521pt on input line 554.

Overfull \vbox (5.18558pt too high) detected at line 554
 []

[19

 <./figures/stickyHDPHMM-eps-converted-to.pdf> <./figures/statefulHDPHMM-eps-converted-to.pdf> <./figures/HDPEDHMM-eps-converted-to.pdf> <./figures/stateful-HDPEDHMM-v2-eps-converted-to.pdf>]
<figures/PAPER-synthetic-data.pdf, id=688, pagebox=cropbox, 496.12326pt x 459.22803pt>
File: figures/PAPER-synthetic-data.pdf Graphic file (type pdf)
<use figures/PAPER-synthetic-data.pdf>
Package pdftex.def Info: figures/PAPER-synthetic-data.pdf  used on input line 567. on input line 567.
Package pdftex.def Info: Requested size: 131.45245pt x 121.67381pt on input line 567.
<figures/Hamming-distance.pdf, id=689, pagebox=cropbox, 416.14177pt x 394.75664pt>
File: figures/Hamming-distance.pdf Graphic file (type pdf)
<use figures/Hamming-distance.pdf>
Package pdftex.def Info: figures/Hamming-distance.pdf  used on input line 567. on input line 567.
Package pdftex.def Info: Requested size: 131.45245pt x 124.69232pt on input line 567.
<figures/state-cardinality.pdf, id=690, pagebox=cropbox, 401.45442pt x 394.75664pt>
File: figures/state-cardinality.pdf Graphic file (type pdf)
<use figures/state-cardinality.pdf>
Package pdftex.def Info: figures/state-cardinality.pdf  used on input line 567. on input line 567.
Package pdftex.def Info: Requested size: 131.45245pt x 129.25813pt on input line 567.

Overfull \vbox (0.55524pt too high) detected at line 567
 []

[20

 <./figures/PAPER-synthetic-data.pdf> <./figures/Hamming-distance.pdf

pdfTeX warning: pdflatex (file ./figures/Hamming-distance.pdf): PDF inclusion: multiple pdfs with page group included in a single page
> <./figures/state-cardinality.pdf

pdfTeX warning: pdflatex (file ./figures/state-cardinality.pdf): PDF inclusion: multiple pdfs with page group included in a single page
>]
<figures/PAPER-duration-distributions.pdf, id=789, pagebox=cropbox, 393.34091pt x 394.75664pt>
File: figures/PAPER-duration-distributions.pdf Graphic file (type pdf)
<use figures/PAPER-duration-distributions.pdf>
Package pdftex.def Info: figures/PAPER-duration-distributions.pdf  used on input line 577. on input line 577.
Package pdftex.def Info: Requested size: 131.45245pt x 131.92654pt on input line 577.
<figures/gaussian-durations.pdf, id=790, pagebox=cropbox, 416.14177pt x 394.75664pt>
File: figures/gaussian-durations.pdf Graphic file (type pdf)
<use figures/gaussian-durations.pdf>
Package pdftex.def Info: figures/gaussian-durations.pdf  used on input line 577. on input line 577.
Package pdftex.def Info: Requested size: 131.45245pt x 124.69232pt on input line 577.
<figures/poisson-durations.pdf, id=791, pagebox=cropbox, 416.14177pt x 394.75664pt>
File: figures/poisson-durations.pdf Graphic file (type pdf)
<use figures/poisson-durations.pdf>
Package pdftex.def Info: figures/poisson-durations.pdf  used on input line 577. on input line 577.
Package pdftex.def Info: Requested size: 131.45245pt x 124.69232pt on input line 577.
 [21

 <./figures/PAPER-duration-distributions.pdf> <./figures/gaussian-durations.pdf

pdfTeX warning: pdflatex (file ./figures/gaussian-durations.pdf): PDF inclusion: multiple pdfs with page group included in a single page
> <./figures/poisson-durations.pdf

pdfTeX warning: pdflatex (file ./figures/poisson-durations.pdf): PDF inclusion: multiple pdfs with page group included in a single page
>] [22

]
File: figures/tucker.png Graphic file (type png)
<use figures/tucker.png>
Package pdftex.def Info: figures/tucker.png  used on input line 608. on input line 608.
Package pdftex.def Info: Requested size: 358.50229pt x 192.36931pt on input line 608.

Overfull \vbox (4.70392pt too high) detected at line 608
 []

[23

]
Overfull \hbox (14.09996pt too wide) in paragraph at lines 640--640
[][] 
 []

</home/nd/cloud/thesis/figures/LE-figures/prosthesis-final2-mirrored.jpg, id=890, 1098.504pt x 1464.672pt>
File: /home/nd/cloud/thesis/figures/LE-figures/prosthesis-final2-mirrored.jpg Graphic file (type jpg)
<use /home/nd/cloud/thesis/figures/LE-figures/prosthesis-final2-mirrored.jpg>
Package pdftex.def Info: /home/nd/cloud/thesis/figures/LE-figures/prosthesis-final2-mirrored.jpg  used on input line 640. on input line 640.
Package pdftex.def Info: Requested size: 119.50279pt x 159.32649pt on input line 640.
[24

 </home/nd/cloud/thesis/figures/LE-figures/prosthesis-final2-mirrored.jpg>]
Package epstopdf Info: Source file: </home/nd/cloud/thesis/figures/common-figures/human-robot-function-learning.eps>
(epstopdf)                    date: 2017-09-11 16:05:26
(epstopdf)                    size: 2864578 bytes
(epstopdf)             Output file: </home/nd/cloud/thesis/figures/common-figures/human-robot-function-learning-eps-converted-to.pdf>
(epstopdf)                    date: 2017-09-11 16:07:33
(epstopdf)                    size: 167195 bytes
(epstopdf)             Command: <repstopdf --outfile=/home/nd/cloud/thesis/figures/common-figures/human-robot-function-learning-eps-converted-to.pdf /home/nd/cloud/thesis/figures/common-figures/human-robot-function-learning.eps>
(epstopdf)             \includegraphics on input line 651.
Package epstopdf Info: Output file is already uptodate.
</home/nd/cloud/thesis/figures/common-figures/human-robot-function-learning-eps-converted-to.pdf, id=895, pagebox=cropbox, 467.7475pt x 194.7275pt>
File: /home/nd/cloud/thesis/figures/common-figures/human-robot-function-learning-eps-converted-to.pdf Graphic file (type pdf)
<use /home/nd/cloud/thesis/figures/common-figures/human-robot-function-learning-eps-converted-to.pdf>
Package pdftex.def Info: /home/nd/cloud/thesis/figures/common-figures/human-robot-function-learning-eps-converted-to.pdf  used on input line 651. on input line 651.
Package pdftex.def Info: Requested size: 318.67209pt x 132.67143pt on input line 651.
 [25

 </home/nd/cloud/thesis/figures/common-figures/human-robot-function-learning-eps-converted-to.pdf>]
</home/nd/cloud/thesis/figures/LE-figures/ankle-angle-trajectories-time-subject-6.pdf, id=927, pagebox=cropbox, 391.51268pt x 222.5941pt>
File: /home/nd/cloud/thesis/figures/LE-figures/ankle-angle-trajectories-time-subject-6.pdf Graphic file (type pdf)
<use /home/nd/cloud/thesis/figures/LE-figures/ankle-angle-trajectories-time-subject-6.pdf>
Package pdftex.def Info: /home/nd/cloud/thesis/figures/LE-figures/ankle-angle-trajectories-time-subject-6.pdf  used on input line 662. on input line 662.
Package pdftex.def Info: Requested size: 318.67209pt x 181.18332pt on input line 662.

Overfull \vbox (5.51793pt too high) detected at line 662
 []

[26

 </home/nd/cloud/thesis/figures/LE-figures/ankle-angle-trajectories-time-subject-6.pdf>]
Package epstopdf Info: Source file: </home/nd/cloud/thesis/figures/LE-figures/heatmapTrainPlot-ID17-Right_Ankle_PlantarFlexion_Angle.eps>
(epstopdf)                    date: 2017-07-08 11:05:48
(epstopdf)                    size: 159220 bytes
(epstopdf)             Output file: </home/nd/cloud/thesis/figures/LE-figures/heatmapTrainPlot-ID17-Right_Ankle_PlantarFlexion_Angle-eps-converted-to.pdf>
(epstopdf)                    date: 2017-09-17 13:00:38
(epstopdf)                    size: 30075 bytes
(epstopdf)             Command: <repstopdf --outfile=/home/nd/cloud/thesis/figures/LE-figures/heatmapTrainPlot-ID17-Right_Ankle_PlantarFlexion_Angle-eps-converted-to.pdf /home/nd/cloud/thesis/figures/LE-figures/heatmapTrainPlot-ID17-Right_Ankle_PlantarFlexion_Angle.eps>
(epstopdf)             \includegraphics on input line 678.
Package epstopdf Info: Output file is already uptodate.
</home/nd/cloud/thesis/figures/LE-figures/heatmapTrainPlot-ID17-Right_Ankle_PlantarFlexion_Angle-eps-converted-to.pdf, id=987, pagebox=cropbox, 395.4775pt x 306.14375pt>
File: /home/nd/cloud/thesis/figures/LE-figures/heatmapTrainPlot-ID17-Right_Ankle_PlantarFlexion_Angle-eps-converted-to.pdf Graphic file (type pdf)
<use /home/nd/cloud/thesis/figures/LE-figures/heatmapTrainPlot-ID17-Right_Ankle_PlantarFlexion_Angle-eps-converted-to.pdf>
Package pdftex.def Info: /home/nd/cloud/thesis/figures/LE-figures/heatmapTrainPlot-ID17-Right_Ankle_PlantarFlexion_Angle-eps-converted-to.pdf  used on input line 678. on input line 678.
Package pdftex.def Info: Requested size: 127.47125pt x 98.67804pt on input line 678.
Package epstopdf Info: Source file: </home/nd/cloud/thesis/figures/LE-figures/heatmapPlot-ID17-Right_Ankle_PlantarFlexion_Angle.eps>
(epstopdf)                    date: 2017-07-08 11:05:48
(epstopdf)                    size: 70479 bytes
(epstopdf)             Output file: </home/nd/cloud/thesis/figures/LE-figures/heatmapPlot-ID17-Right_Ankle_PlantarFlexion_Angle-eps-converted-to.pdf>
(epstopdf)                    date: 2017-09-17 13:00:38
(epstopdf)                    size: 42516 bytes
(epstopdf)             Command: <repstopdf --outfile=/home/nd/cloud/thesis/figures/LE-figures/heatmapPlot-ID17-Right_Ankle_PlantarFlexion_Angle-eps-converted-to.pdf /home/nd/cloud/thesis/figures/LE-figures/heatmapPlot-ID17-Right_Ankle_PlantarFlexion_Angle.eps>
(epstopdf)             \includegraphics on input line 678.
Package epstopdf Info: Output file is already uptodate.
</home/nd/cloud/thesis/figures/LE-figures/heatmapPlot-ID17-Right_Ankle_PlantarFlexion_Angle-eps-converted-to.pdf, id=988, pagebox=cropbox, 392.46625pt x 306.14375pt>
File: /home/nd/cloud/thesis/figures/LE-figures/heatmapPlot-ID17-Right_Ankle_PlantarFlexion_Angle-eps-converted-to.pdf Graphic file (type pdf)
<use /home/nd/cloud/thesis/figures/LE-figures/heatmapPlot-ID17-Right_Ankle_PlantarFlexion_Angle-eps-converted-to.pdf>
Package pdftex.def Info: /home/nd/cloud/thesis/figures/LE-figures/heatmapPlot-ID17-Right_Ankle_PlantarFlexion_Angle-eps-converted-to.pdf  used on input line 678. on input line 678.
Package pdftex.def Info: Requested size: 127.47125pt x 99.4348pt on input line 678.
Package epstopdf Info: Source file: </home/nd/cloud/thesis/figures/LE-figures/manifoldPlot-ID17-Right_Ankle_PlantarFlexion_Angle.eps>
(epstopdf)                    date: 2017-07-20 19:23:38
(epstopdf)                    size: 139255 bytes
(epstopdf)             Output file: </home/nd/cloud/thesis/figures/LE-figures/manifoldPlot-ID17-Right_Ankle_PlantarFlexion_Angle-eps-converted-to.pdf>
(epstopdf)                    date: 2017-09-17 13:00:38
(epstopdf)                    size: 131719 bytes
(epstopdf)             Command: <repstopdf --outfile=/home/nd/cloud/thesis/figures/LE-figures/manifoldPlot-ID17-Right_Ankle_PlantarFlexion_Angle-eps-converted-to.pdf /home/nd/cloud/thesis/figures/LE-figures/manifoldPlot-ID17-Right_Ankle_PlantarFlexion_Angle.eps>
(epstopdf)             \includegraphics on input line 678.
Package epstopdf Info: Output file is already uptodate.
</home/nd/cloud/thesis/figures/LE-figures/manifoldPlot-ID17-Right_Ankle_PlantarFlexion_Angle-eps-converted-to.pdf, id=989, pagebox=cropbox, 402.50375pt x 402.50375pt>
File: /home/nd/cloud/thesis/figures/LE-figures/manifoldPlot-ID17-Right_Ankle_PlantarFlexion_Angle-eps-converted-to.pdf Graphic file (type pdf)
<use /home/nd/cloud/thesis/figures/LE-figures/manifoldPlot-ID17-Right_Ankle_PlantarFlexion_Angle-eps-converted-to.pdf>
Package pdftex.def Info: /home/nd/cloud/thesis/figures/LE-figures/manifoldPlot-ID17-Right_Ankle_PlantarFlexion_Angle-eps-converted-to.pdf  used on input line 678. on input line 678.
Package pdftex.def Info: Requested size: 123.48398pt x 123.47897pt on input line 678.
 [27

 </home/nd/cloud/thesis/figures/LE-figures/heatmapTrainPlot-ID17-Right_Ankle_PlantarFlexion_Angle-eps-converted-to.pdf> </home/nd/cloud/thesis/figures/LE-figures/heatmapPlot-ID17-Right_Ankle_PlantarFlexion_Angle-eps-converted-to.pdf> </home/nd/cloud/thesis/figures/LE-figures/manifoldPlot-ID17-Right_Ankle_PlantarFlexion_Angle-eps-converted-to.pdf>]
</home/nd/cloud/thesis/figures/LE-figures/subject-10-violin-plot-duration.pdf, id=1018, pagebox=cropbox, 220.17569pt x 220.31685pt>
File: /home/nd/cloud/thesis/figures/LE-figures/subject-10-violin-plot-duration.pdf Graphic file (type pdf)
<use /home/nd/cloud/thesis/figures/LE-figures/subject-10-violin-plot-duration.pdf>
Package pdftex.def Info: /home/nd/cloud/thesis/figures/LE-figures/subject-10-violin-plot-duration.pdf  used on input line 690. on input line 690.
Package pdftex.def Info: Requested size: 159.333pt x 159.43481pt on input line 690.
</home/nd/cloud/thesis/figures/LE-figures/gait-cycle-time-comparisson-Arnold-2.pdf, id=1019, pagebox=cropbox, 220.49777pt x 213.01155pt>
File: /home/nd/cloud/thesis/figures/LE-figures/gait-cycle-time-comparisson-Arnold-2.pdf Graphic file (type pdf)
<use /home/nd/cloud/thesis/figures/LE-figures/gait-cycle-time-comparisson-Arnold-2.pdf>
Package pdftex.def Info: /home/nd/cloud/thesis/figures/LE-figures/gait-cycle-time-comparisson-Arnold-2.pdf  used on input line 690. on input line 690.
Package pdftex.def Info: Requested size: 159.333pt x 153.9305pt on input line 690.

Overfull \vbox (7.76942pt too high) detected at line 690
 []

[28

 </home/nd/cloud/thesis/figures/LE-figures/subject-10-violin-plot-duration.pdf> </home/nd/cloud/thesis/figures/LE-figures/gait-cycle-time-comparisson-Arnold-2.pdf

pdfTeX warning: pdflatex (file /home/nd/cloud/thesis/figures/LE-figures/gait-cycle-time-comparisson-Arnold-2.pdf): PDF inclusion: multiple pdfs with page group included in a single page
>]
Package epstopdf Info: Source file: </home/nd/cloud/thesis/figures/LE-figures/v0.eps>
(epstopdf)                    date: 2017-09-17 13:00:38
(epstopdf)                    size: 323322 bytes
(epstopdf)             Output file: </home/nd/cloud/thesis/figures/LE-figures/v0-eps-converted-to.pdf>
(epstopdf)                    date: 2017-09-17 13:00:38
(epstopdf)                    size: 93541 bytes
(epstopdf)             Command: <repstopdf --outfile=/home/nd/cloud/thesis/figures/LE-figures/v0-eps-converted-to.pdf /home/nd/cloud/thesis/figures/LE-figures/v0.eps>
(epstopdf)             \includegraphics on input line 702.
Package epstopdf Info: Output file is already uptodate.
</home/nd/cloud/thesis/figures/LE-figures/v0-eps-converted-to.pdf, id=1094, pagebox=cropbox, 515.9275pt x 290.08376pt>
File: /home/nd/cloud/thesis/figures/LE-figures/v0-eps-converted-to.pdf Graphic file (type pdf)
<use /home/nd/cloud/thesis/figures/LE-figures/v0-eps-converted-to.pdf>
Package pdftex.def Info: /home/nd/cloud/thesis/figures/LE-figures/v0-eps-converted-to.pdf  used on input line 702. on input line 702.
Package pdftex.def Info: Requested size: 159.333pt x 89.5842pt on input line 702.
Package epstopdf Info: Source file: </home/nd/cloud/thesis/figures/LE-figures/vf.eps>
(epstopdf)                    date: 2017-09-17 13:00:38
(epstopdf)                    size: 341238 bytes
(epstopdf)             Output file: </home/nd/cloud/thesis/figures/LE-figures/vf-eps-converted-to.pdf>
(epstopdf)                    date: 2017-09-17 13:00:38
(epstopdf)                    size: 98485 bytes
(epstopdf)             Command: <repstopdf --outfile=/home/nd/cloud/thesis/figures/LE-figures/vf-eps-converted-to.pdf /home/nd/cloud/thesis/figures/LE-figures/vf.eps>
(epstopdf)             \includegraphics on input line 702.
Package epstopdf Info: Output file is already uptodate.
</home/nd/cloud/thesis/figures/LE-figures/vf-eps-converted-to.pdf, id=1095, pagebox=cropbox, 597.23125pt x 268.00125pt>
File: /home/nd/cloud/thesis/figures/LE-figures/vf-eps-converted-to.pdf Graphic file (type pdf)
<use /home/nd/cloud/thesis/figures/LE-figures/vf-eps-converted-to.pdf>
Package pdftex.def Info: /home/nd/cloud/thesis/figures/LE-figures/vf-eps-converted-to.pdf  used on input line 702. on input line 702.
Package pdftex.def Info: Requested size: 195.1881pt x 87.59009pt on input line 702.
 [29

 </home/nd/cloud/thesis/figures/LE-figures/v0-eps-converted-to.pdf> </home/nd/cloud/thesis/figures/LE-figures/vf-eps-converted-to.pdf>]
</home/nd/cloud/thesis/figures/LE-figures/subject-6-torque-v-angle.pdf, id=1109, pagebox=cropbox, 403.54199pt x 266.00533pt>
File: /home/nd/cloud/thesis/figures/LE-figures/subject-6-torque-v-angle.pdf Graphic file (type pdf)
<use /home/nd/cloud/thesis/figures/LE-figures/subject-6-torque-v-angle.pdf>
Package pdftex.def Info: /home/nd/cloud/thesis/figures/LE-figures/subject-6-torque-v-angle.pdf  used on input line 714. on input line 714.
Package pdftex.def Info: Requested size: 199.1693pt x 131.28947pt on input line 714.
</home/nd/cloud/thesis/figures/LE-figures/subject-6-torque-v-angle-knee.pdf, id=1110, pagebox=cropbox, 403.54199pt x 266.00533pt>
File: /home/nd/cloud/thesis/figures/LE-figures/subject-6-torque-v-angle-knee.pdf Graphic file (type pdf)
<use /home/nd/cloud/thesis/figures/LE-figures/subject-6-torque-v-angle-knee.pdf>
Package pdftex.def Info: /home/nd/cloud/thesis/figures/LE-figures/subject-6-torque-v-angle-knee.pdf  used on input line 714. on input line 714.
Package pdftex.def Info: Requested size: 199.1693pt x 131.28947pt on input line 714.
 [30

 </home/nd/cloud/thesis/figures/LE-figures/subject-6-torque-v-angle.pdf> </home/nd/cloud/thesis/figures/LE-figures/subject-6-torque-v-angle-knee.pdf

pdfTeX warning: pdflatex (file /home/nd/cloud/thesis/figures/LE-figures/subject-6-torque-v-angle-knee.pdf): PDF inclusion: multiple pdfs with page group included in a single page
>]
</home/nd/cloud/thesis/figures/LE-figures/mainResult-slow.pdf, id=1221, pagebox=cropbox, 436.58134pt x 279.23953pt>
File: /home/nd/cloud/thesis/figures/LE-figures/mainResult-slow.pdf Graphic file (type pdf)
<use /home/nd/cloud/thesis/figures/LE-figures/mainResult-slow.pdf>
Package pdftex.def Info: /home/nd/cloud/thesis/figures/LE-figures/mainResult-slow.pdf  used on input line 726. on input line 726.
Package pdftex.def Info: Requested size: 318.67209pt x 203.83037pt on input line 726.

Overfull \vbox (5.21495pt too high) detected at line 726
 []

[31

 </home/nd/cloud/thesis/figures/LE-figures/mainResult-slow.pdf>] [32

] [33

]
Package epstopdf Info: Source file: <figures/lion.eps>
(epstopdf)                    date: 2018-01-24 10:01:22
(epstopdf)                    size: 302001 bytes
(epstopdf)             Output file: <figures/lion-eps-converted-to.pdf>
(epstopdf)                    date: 2018-01-24 10:01:22
(epstopdf)                    size: 114477 bytes
(epstopdf)             Command: <repstopdf --outfile=figures/lion-eps-converted-to.pdf figures/lion.eps>
(epstopdf)             \includegraphics on input line 954.
Package epstopdf Info: Output file is already uptodate.
<figures/lion-eps-converted-to.pdf, id=1270, pagebox=cropbox, 231.86626pt x 171.64125pt>
File: figures/lion-eps-converted-to.pdf Graphic file (type pdf)
<use figures/lion-eps-converted-to.pdf>
Package pdftex.def Info: figures/lion-eps-converted-to.pdf  used on input line 954. on input line 954.
Package pdftex.def Info: Requested size: 199.1693pt x 147.44095pt on input line 954.
 [34

 <./figures/lion-eps-converted-to.pdf>] (./presentation_1.bbl)
Overfull \vbox (94.83461pt too high) detected at line 964
 []

[35

]
Missing character: There is no  in font cmss10!
Missing character: There is no  in font cmss10!
Missing character: There is no  in font cmss10!
<figures/puma1.jpg, id=1292, 994.71625pt x 326.21875pt>
File: figures/puma1.jpg Graphic file (type jpg)
<use figures/puma1.jpg>
Package pdftex.def Info: figures/puma1.jpg  used on input line 993. on input line 993.
Package pdftex.def Info: Requested size: 199.1693pt x 65.31725pt on input line 993.
<figures/lionCollar.jpg, id=1293, 1552.80125pt x 903.375pt>
File: figures/lionCollar.jpg Graphic file (type jpg)
<use figures/lionCollar.jpg>
Package pdftex.def Info: figures/lionCollar.jpg  used on input line 993. on input line 993.
Package pdftex.def Info: Requested size: 199.1693pt x 115.85767pt on input line 993.
 [36

 <./figures/puma1.jpg> <./figures/lionCollar.jpg>]
Package epstopdf Info: Source file: <figures/PAPER-main-result.eps>
(epstopdf)                    date: 2018-01-24 10:01:23
(epstopdf)                    size: 796591 bytes
(epstopdf)             Output file: <figures/PAPER-main-result-eps-converted-to.pdf>
(epstopdf)                    date: 2018-01-24 10:01:23
(epstopdf)                    size: 474513 bytes
(epstopdf)             Command: <repstopdf --outfile=figures/PAPER-main-result-eps-converted-to.pdf figures/PAPER-main-result.eps>
(epstopdf)             \includegraphics on input line 1003.
Package epstopdf Info: Output file is already uptodate.
<figures/PAPER-main-result-eps-converted-to.pdf, id=1299, pagebox=cropbox, 924.45375pt x 487.8225pt>
File: figures/PAPER-main-result-eps-converted-to.pdf Graphic file (type pdf)
<use figures/PAPER-main-result-eps-converted-to.pdf>
Package pdftex.def Info: figures/PAPER-main-result-eps-converted-to.pdf  used on input line 1003. on input line 1003.
Package pdftex.def Info: Requested size: 366.47076pt x 193.38374pt on input line 1003.

Overfull \vbox (12.24335pt too high) detected at line 1003
 []

[37

 <./figures/PAPER-main-result-eps-converted-to.pdf>]
<figures/new-main-plot.pdf, id=1318, pagebox=cropbox, 714.25757pt x 313.81076pt>
File: figures/new-main-plot.pdf Graphic file (type pdf)
<use figures/new-main-plot.pdf>
Package pdftex.def Info: figures/new-main-plot.pdf  used on input line 1012. on input line 1012.
Package pdftex.def Info: Requested size: 358.50229pt x 157.50832pt on input line 1012.
 [38

 <./figures/new-main-plot.pdf>]
</home/nd/cloud/viva_prep/vanilla-ssm-inference/Hamming-distance-vanilla.pdf, id=1346, pagebox=cropbox, 581.05522pt x 391.23257pt>
File: /home/nd/cloud/viva_prep/vanilla-ssm-inference/Hamming-distance-vanilla.pdf Graphic file (type pdf)
<use /home/nd/cloud/viva_prep/vanilla-ssm-inference/Hamming-distance-vanilla.pdf>
Package pdftex.def Info: /home/nd/cloud/viva_prep/vanilla-ssm-inference/Hamming-distance-vanilla.pdf  used on input line 1021. on input line 1021.
Package pdftex.def Info: Requested size: 278.83578pt x 187.74771pt on input line 1021.
 [39

 </home/nd/cloud/viva_prep/vanilla-ssm-inference/Hamming-distance-vanilla.pdf>]
</home/nd/cloud/viva_prep/vanilla-ssm-inference/state-cardinality-vanilla.pdf, id=1400, pagebox=cropbox, 555.31844pt x 384.51216pt>
File: /home/nd/cloud/viva_prep/vanilla-ssm-inference/state-cardinality-vanilla.pdf Graphic file (type pdf)
<use /home/nd/cloud/viva_prep/vanilla-ssm-inference/state-cardinality-vanilla.pdf>
Package pdftex.def Info: /home/nd/cloud/viva_prep/vanilla-ssm-inference/state-cardinality-vanilla.pdf  used on input line 1029. on input line 1029.
Package pdftex.def Info: Requested size: 239.00558pt x 165.48955pt on input line 1029.
 [40

 </home/nd/cloud/viva_prep/vanilla-ssm-inference/state-cardinality-vanilla.pdf>]
\tf@nav=\write6
\openout6 = `presentation_1.nav'.

\tf@toc=\write7
\openout7 = `presentation_1.toc'.

\tf@snm=\write8
\openout8 = `presentation_1.snm'.

Package atveryend Info: Empty hook `BeforeClearDocument' on input line 1033.
Package atveryend Info: Empty hook `AfterLastShipout' on input line 1033.
 (./presentation_1.aux)
Package atveryend Info: Executing hook `AtVeryEndDocument' on input line 1033.
Package atveryend Info: Executing hook `AtEndAfterFileList' on input line 1033.
Package rerunfilecheck Info: File `presentation_1.out' has not changed.
(rerunfilecheck)             Checksum: 006EAFBEFA04F67A04F5AE8FCE608E9A;595.
 ) 
Here is how much of TeX's memory you used:
 18970 strings out of 494936
 365258 string characters out of 6180918
 422680 words of memory out of 5000000
 21685 multiletter control sequences out of 15000+600000
 18238 words of font info for 68 fonts, out of 8000000 for 9000
 14 hyphenation exceptions out of 8191
 48i,12n,60p,845b,790s stack positions out of 5000i,500n,10000p,200000b,80000s
</usr/share/texlive/texmf-dist/fonts/type1/public/amsfonts/cm/cmbx10.pfb></usr/share/texlive/texmf-dist/fonts/type1/public/amsfonts/cm/cmbx12.pfb></usr/share/texlive/texmf-dist/fonts/type1/public/amsfonts/cm/cmbx9.pfb></usr/share/texlive/texmf-dist/fonts/type1/public/amsfonts/cm/cmmi10.pfb></usr/share/texlive/texmf-dist/fonts/type1/public/amsfonts/cm/cmmi12.pfb></usr/share/texlive/texmf-dist/fonts/type1/public/amsfonts/cm/cmmi6.pfb></usr/share/texlive/texmf-dist/fonts/type1/public/amsfonts/cm/cmmi7.pfb></usr/share/texlive/texmf-dist/fonts/type1/public/amsfonts/cm/cmmi8.pfb></usr/share/texlive/texmf-dist/fonts/type1/public/amsfonts/cm/cmmi9.pfb></usr/share/texlive/texmf-dist/fonts/type1/public/amsfonts/cm/cmr10.pfb></usr/share/texlive/texmf-dist/fonts/type1/public/amsfonts/cm/cmr12.pfb></usr/share/texlive/texmf-dist/fonts/type1/public/amsfonts/cm/cmr17.pfb></usr/share/texlive/texmf-dist/fonts/type1/public/amsfonts/cm/cmr6.pfb></usr/share/texlive/texmf-dist/fonts/type1/public/amsfonts/cm/cmr8.pfb></usr/share/texlive/texmf-dist/fonts/type1/public/amsfonts/cm/cmr9.pfb></usr/share/texlive/texmf-dist/fonts/type1/public/amsfonts/cm/cmss10.pfb></usr/share/texlive/texmf-dist/fonts/type1/public/amsfonts/cm/cmss12.pfb></usr/share/texlive/texmf-dist/fonts/type1/public/amsfonts/cm/cmss17.pfb></usr/share/texlive/texmf-dist/fonts/type1/public/amsfonts/cm/cmss8.pfb></usr/share/texlive/texmf-dist/fonts/type1/public/amsfonts/cm/cmss9.pfb></usr/share/texlive/texmf-dist/fonts/type1/public/amsfonts/cm/cmssbx10.pfb></usr/share/texlive/texmf-dist/fonts/type1/public/amsfonts/cm/cmssi10.pfb></usr/share/texlive/texmf-dist/fonts/type1/public/amsfonts/cm/cmssi9.pfb></usr/share/texlive/texmf-dist/fonts/type1/public/amsfonts/cm/cmsy10.pfb></usr/share/texlive/texmf-dist/fonts/type1/public/amsfonts/cm/cmsy6.pfb></usr/share/texlive/texmf-dist/fonts/type1/public/amsfonts/cm/cmsy7.pfb></usr/share/texlive/texmf-dist/fonts/type1/public/amsfonts/cm/cmsy8.pfb></usr/share/texlive/texmf-dist/fonts/type1/
public/amsfonts/cm/cmtt10.pfb></usr/share/texlive/texmf-dist/fonts/type1/public/amsfonts/symbols/msbm10.pfb>
Output written on presentation_1.pdf (40 pages, 5776945 bytes).
PDF statistics:
 1556 PDF objects out of 1728 (max. 8388607)
 922 compressed objects within 10 object streams
 103 named destinations out of 1000 (max. 500000)
 342 words of extra memory for PDF output out of 10000 (max. 10000000)

